#
# There is insufficient memory for the Java Runtime Environment to continue.
# Native memory allocation (malloc) failed to allocate 1048576 bytes. Error detail: AllocateHeap
# Possible reasons:
#   The system is out of physical RAM or swap space
#   This process is running with CompressedOops enabled, and the Java Heap may be blocking the growth of the native heap
# Possible solutions:
#   Reduce memory load on the system
#   Increase physical memory or swap space
#   Check if swap backing store is full
#   Decrease Java heap size (-Xmx/-Xms)
#   Decrease number of Java threads
#   Decrease Java thread stack sizes (-Xss)
#   Set larger code cache with -XX:ReservedCodeCacheSize=
#   JVM is running with Unscaled Compressed Oops mode in which the Java heap is
#     placed in the first 4GB address space. The Java Heap base address is the
#     maximum limit for the native heap growth. Please use -XX:HeapBaseMinAddress
#     to set the Java Heap base and to place the Java Heap above 4GB virtual address.
# This output file may be truncated or incomplete.
#
#  Out of Memory Error (allocation.cpp:44), pid=22864, tid=25636
#
# JRE version:  (21.0.8+9) (build )
# Java VM: OpenJDK 64-Bit Server VM (21.0.8+9-LTS, mixed mode, sharing, tiered, compressed oops, compressed class ptrs, parallel gc, windows-amd64)
# No core dump will be written. Minidumps are not enabled by default on client versions of Windows
#

---------------  S U M M A R Y ------------

Command Line: --add-modules=ALL-SYSTEM --add-opens=java.base/java.util=ALL-UNNAMED --add-opens=java.base/java.lang=ALL-UNNAMED --add-opens=java.base/sun.nio.fs=ALL-UNNAMED -Declipse.application=org.eclipse.jdt.ls.core.id1 -Dosgi.bundles.defaultStartLevel=4 -Declipse.product=org.eclipse.jdt.ls.core.product -Djava.import.generatesMetadataFilesAtProjectRoot=false -DDetectVMInstallationsJob.disabled=true -Dfile.encoding=utf8 -XX:+UseParallelGC -XX:GCTimeRatio=4 -XX:AdaptiveSizePolicyWeight=90 -Dsun.zip.disableMemoryMapping=true -Xmx2G -Xms100m -Xlog:disable -javaagent:c:\Users\balav\.cursor\extensions\redhat.java-1.47.0-win32-x64\lombok\lombok-1.18.39-4050.jar c:\Users\balav\.cursor\extensions\redhat.java-1.47.0-win32-x64\server\plugins\org.eclipse.equinox.launcher_1.7.100.v20251014-1222.jar -configuration c:\Users\balav\AppData\Roaming\Cursor\User\globalStorage\redhat.java\1.47.0\config_ss_win -data c:\Users\balav\AppData\Roaming\Cursor\User\workspaceStorage\0b9dda6e87f766ca2a54475c72645d9b\redhat.java\ss_ws --pipe=\\.\pipe\lsp-e82829e12bc830ba5a89071437dc5c69-sock

Host: AMD Ryzen 5 7520U with Radeon Graphics         , 8 cores, 5G,  Windows 11 , 64 bit Build 26100 (10.0.26100.6725)
Time: Fri Nov  7 09:12:52 2025 India Standard Time elapsed time: 2.081602 seconds (0d 0h 0m 2s)

---------------  T H R E A D  ---------------

Current thread (0x00000240d294a4b0):  JavaThread "Unknown thread" [_thread_in_vm, id=25636, stack(0x000000f179b00000,0x000000f179c00000) (1024K)]

Stack: [0x000000f179b00000,0x000000f179c00000]
Native frames: (J=compiled Java code, j=interpreted, Vv=VM code, C=native code)
V  [jvm.dll+0x6d2449]
V  [jvm.dll+0x8ae341]
V  [jvm.dll+0x8b08be]
V  [jvm.dll+0x8b0fa3]
V  [jvm.dll+0x280c96]
V  [jvm.dll+0xc0347]
V  [jvm.dll+0x70fa0d]
V  [jvm.dll+0x7100cc]
V  [jvm.dll+0x6e0f48]
V  [jvm.dll+0x877c7c]
V  [jvm.dll+0x3becec]
V  [jvm.dll+0x8606d8]
V  [jvm.dll+0x4530ee]
V  [jvm.dll+0x454d31]
C  [jli.dll+0x5278]
C  [ucrtbase.dll+0x37b0]
C  [KERNEL32.DLL+0x2e8d7]
C  [ntdll.dll+0x8c53c]


---------------  P R O C E S S  ---------------

Threads class SMR info:
_java_thread_list=0x00000240d29b54c0, length=1, elements={
0x00000240d294a4b0
}

Java Threads: ( => current thread )
=>0x00000240d294a4b0 JavaThread "Unknown thread"             [_thread_in_vm, id=25636, stack(0x000000f179b00000,0x000000f179c00000) (1024K)]
Total: 1

Other Threads:
  0x00000240d27dca00 WatcherThread "VM Periodic Task Thread"        [id=12724, stack(0x000000f179d00000,0x000000f179e00000) (1024K)]
  0x00000240d2968ac0 WorkerThread "GC Thread#0"                     [id=32452, stack(0x000000f179c00000,0x000000f179d00000) (1024K)]
Total: 2

Threads with active compile tasks:
Total: 0

VM state: not at safepoint (normal execution)

VM Mutex/Monitor currently owned by a thread: None

Heap address: 0x0000000080000000, size: 2048 MB, Compressed Oops mode: 32-bit

CDS archive(s) mapped at: [0x0000024080000000-0x0000024080ba0000-0x0000024080ba0000), size 12189696, SharedBaseAddress: 0x0000024080000000, ArchiveRelocationMode: 1.
Compressed class space mapped at: 0x0000024081000000-0x00000240c1000000, reserved size: 1073741824
Narrow klass base: 0x0000024080000000, Narrow klass shift: 0, Narrow klass range: 0x100000000

GC Precious Log:
 CardTable entry size: 512
 CPUs: 8 total, 8 available
 Memory: 5965M
 Large Page Support: Disabled
 NUMA Support: Disabled
 Compressed Oops: Enabled (32-bit)
 Alignments: Space 512K, Generation 512K, Heap 2M
 Heap Min Capacity: 100M
 Heap Initial Capacity: 100M
 Heap Max Capacity: 2G
 Pre-touch: Disabled
 Parallel Workers: 8

Heap:
 PSYoungGen      total 29696K, used 512K [0x00000000d5580000, 0x00000000d7680000, 0x0000000100000000)
  eden space 25600K, 2% used [0x00000000d5580000,0x00000000d5600020,0x00000000d6e80000)
  from space 4096K, 0% used [0x00000000d7280000,0x00000000d7280000,0x00000000d7680000)
  to   space 4096K, 0% used [0x00000000d6e80000,0x00000000d6e80000,0x00000000d7280000)
 ParOldGen       total 68608K, used 0K [0x0000000080000000, 0x0000000084300000, 0x00000000d5580000)
  object space 68608K, 0% used [0x0000000080000000,0x0000000080000000,0x0000000084300000)
 Metaspace       used 0K, committed 0K, reserved 1048576K
  class space    used 0K, committed 0K, reserved 1048576K

Card table byte_map: [0x00000240d22f0000,0x00000240d2700000] _byte_map_base: 0x00000240d1ef0000

Marking Bits: (ParMarkBitMap*) 0x00007ff800ffa340
 Begin Bits: [0x00000240e4df0000, 0x00000240e6df0000)
 End Bits:   [0x00000240e6df0000, 0x00000240e8df0000)

Polling page: 0x00000240d1f40000

Metaspace:

Usage:
  Non-class:      0 bytes used.
      Class:      0 bytes used.
       Both:      0 bytes used.

Virtual space:
  Non-class space:        0 bytes reserved,       0 bytes (  ?%) committed,  0 nodes.
      Class space:        1.00 GB reserved,       0 bytes (  0%) committed,  1 nodes.
             Both:        1.00 GB reserved,       0 bytes (  0%) committed. 

Chunk freelists:
   Non-Class:  0 bytes
       Class:  16.00 MB
        Both:  16.00 MB

MaxMetaspaceSize: unlimited
CompressedClassSpaceSize: 1.00 GB
Initial GC threshold: 21.00 MB
Current GC threshold: 17179869184.00 GB
CDS: on
 - commit_granule_bytes: 65536.
 - commit_granule_words: 8192.
 - virtual_space_node_default_size: 8388608.
 - enlarge_chunks_in_place: 1.
 - use_allocation_guard: 0.


Internal statistics:

num_allocs_failed_limit: 0.
num_arena_births: 0.
num_arena_deaths: 0.
num_vsnodes_births: 1.
num_vsnodes_deaths: 0.
num_space_committed: 0.
num_space_uncommitted: 0.
num_chunks_returned_to_freelist: 0.
num_chunks_taken_from_freelist: 1.
num_chunk_merges: 0.
num_chunk_splits: 1.
num_chunks_enlarged: 0.
num_inconsistent_stats: 0.

CodeHeap 'non-profiled nmethods': size=120000Kb used=0Kb max_used=0Kb free=120000Kb
 bounds [0x00000240dd610000, 0x00000240dd880000, 0x00000240e4b40000]
CodeHeap 'profiled nmethods': size=120000Kb used=0Kb max_used=0Kb free=120000Kb
 bounds [0x00000240d5b40000, 0x00000240d5db0000, 0x00000240dd070000]
CodeHeap 'non-nmethods': size=5760Kb used=194Kb max_used=342Kb free=5565Kb
 bounds [0x00000240dd070000, 0x00000240dd2e0000, 0x00000240dd610000]
CodeCache: size=245760Kb, used=194Kb, max_used=342Kb, free=245565Kb
 total_blobs=70, nmethods=0, adapters=48, full_count=0
Compilation: enabled, stopped_count=0, restarted_count=0

Compilation events (0 events):
No events

GC Heap History (0 events):
No events

Dll operation events (1 events):
Event: 0.030 Loaded shared library c:\Users\balav\.cursor\extensions\redhat.java-1.47.0-win32-x64\jre\21.0.8-win32-x86_64\bin\java.dll

Deoptimization events (0 events):
No events

Classes loaded (0 events):
No events

Classes unloaded (0 events):
No events

Classes redefined (0 events):
No events

Internal exceptions (0 events):
No events

ZGC Phase Switch (0 events):
No events

VM Operations (0 events):
No events

Memory protections (0 events):
No events

Nmethod flushes (0 events):
No events

Events (1 events):
Event: 1.071 Thread 0x00000240d294a4b0 Thread added: 0x00000240d294a4b0


Dynamic libraries:
0x00007ff72c310000 - 0x00007ff72c31e000 	c:\Users\balav\.cursor\extensions\redhat.java-1.47.0-win32-x64\jre\21.0.8-win32-x86_64\bin\java.exe
0x00007ff8aa4c0000 - 0x00007ff8aa728000 	C:\WINDOWS\SYSTEM32\ntdll.dll
0x00007ff8a9840000 - 0x00007ff8a9909000 	C:\WINDOWS\System32\KERNEL32.DLL
0x00007ff8a7970000 - 0x00007ff8a7d62000 	C:\WINDOWS\System32\KERNELBASE.dll
0x00007ff8a7ea0000 - 0x00007ff8a7feb000 	C:\WINDOWS\System32\ucrtbase.dll
0x00007ff89ae90000 - 0x00007ff89aea8000 	c:\Users\balav\.cursor\extensions\redhat.java-1.47.0-win32-x64\jre\21.0.8-win32-x86_64\bin\jli.dll
0x00007ff899b30000 - 0x00007ff899b4e000 	c:\Users\balav\.cursor\extensions\redhat.java-1.47.0-win32-x64\jre\21.0.8-win32-x86_64\bin\VCRUNTIME140.dll
0x00007ff8a9670000 - 0x00007ff8a9835000 	C:\WINDOWS\System32\USER32.dll
0x00007ff8a7940000 - 0x00007ff8a7967000 	C:\WINDOWS\System32\win32u.dll
0x00007ff8a8c90000 - 0x00007ff8a8cbb000 	C:\WINDOWS\System32\GDI32.dll
0x00007ff8a7d70000 - 0x00007ff8a7e9d000 	C:\WINDOWS\System32\gdi32full.dll
0x00007ff8a81e0000 - 0x00007ff8a8283000 	C:\WINDOWS\System32\msvcp_win.dll
0x00007ff8901e0000 - 0x00007ff890473000 	C:\WINDOWS\WinSxS\amd64_microsoft.windows.common-controls_6595b64144ccf1df_6.0.26100.6899_none_3e0efeeae32e88c1\COMCTL32.dll
0x00007ff8a9aa0000 - 0x00007ff8a9b49000 	C:\WINDOWS\System32\msvcrt.dll
0x00007ff8a9c00000 - 0x00007ff8a9c2f000 	C:\WINDOWS\System32\IMM32.DLL
0x00007ff894b40000 - 0x00007ff894b4c000 	c:\Users\balav\.cursor\extensions\redhat.java-1.47.0-win32-x64\jre\21.0.8-win32-x86_64\bin\vcruntime140_1.dll
0x00007ff86cda0000 - 0x00007ff86ce2d000 	c:\Users\balav\.cursor\extensions\redhat.java-1.47.0-win32-x64\jre\21.0.8-win32-x86_64\bin\msvcp140.dll
0x00007ff800340000 - 0x00007ff8010d7000 	c:\Users\balav\.cursor\extensions\redhat.java-1.47.0-win32-x64\jre\21.0.8-win32-x86_64\bin\server\jvm.dll
0x00007ff8a8cc0000 - 0x00007ff8a8d74000 	C:\WINDOWS\System32\ADVAPI32.dll
0x00007ff8a8d80000 - 0x00007ff8a8e26000 	C:\WINDOWS\System32\sechost.dll
0x00007ff8a9ff0000 - 0x00007ff8aa108000 	C:\WINDOWS\System32\RPCRT4.dll
0x00007ff8aa400000 - 0x00007ff8aa474000 	C:\WINDOWS\System32\WS2_32.dll
0x00007ff896650000 - 0x00007ff89665b000 	C:\WINDOWS\SYSTEM32\VERSION.dll
0x00007ff8a74b0000 - 0x00007ff8a750e000 	C:\WINDOWS\SYSTEM32\POWRPROF.dll
0x00007ff89ad40000 - 0x00007ff89ad75000 	C:\WINDOWS\SYSTEM32\WINMM.dll
0x00007ff8a7490000 - 0x00007ff8a74a4000 	C:\WINDOWS\SYSTEM32\UMPDC.dll
0x00007ff8a6420000 - 0x00007ff8a643b000 	C:\WINDOWS\SYSTEM32\kernel.appcore.dll
0x00007ff894b30000 - 0x00007ff894b3a000 	c:\Users\balav\.cursor\extensions\redhat.java-1.47.0-win32-x64\jre\21.0.8-win32-x86_64\bin\jimage.dll
0x00007ff8a4fe0000 - 0x00007ff8a5222000 	C:\WINDOWS\SYSTEM32\DBGHELP.DLL
0x00007ff8a9c40000 - 0x00007ff8a9fbb000 	C:\WINDOWS\System32\combase.dll
0x00007ff8a8eb0000 - 0x00007ff8a8f87000 	C:\WINDOWS\System32\OLEAUT32.dll
0x00007ff88c100000 - 0x00007ff88c13c000 	C:\WINDOWS\SYSTEM32\dbgcore.DLL
0x00007ff8a80b0000 - 0x00007ff8a8148000 	C:\WINDOWS\System32\bcryptPrimitives.dll
0x00007ff893730000 - 0x00007ff89373f000 	c:\Users\balav\.cursor\extensions\redhat.java-1.47.0-win32-x64\jre\21.0.8-win32-x86_64\bin\instrument.dll
0x00007ff892da0000 - 0x00007ff892dbf000 	c:\Users\balav\.cursor\extensions\redhat.java-1.47.0-win32-x64\jre\21.0.8-win32-x86_64\bin\java.dll

JVMTI agents:
c:\Users\balav\.cursor\extensions\redhat.java-1.47.0-win32-x64\lombok\lombok-1.18.39-4050.jar path:none, loaded, not initialized, instrumentlib options:none

dbghelp: loaded successfully - version: 4.0.5 - missing functions: none
symbol engine: initialized successfully - sym options: 0x614 - pdb path: .;c:\Users\balav\.cursor\extensions\redhat.java-1.47.0-win32-x64\jre\21.0.8-win32-x86_64\bin;C:\WINDOWS\SYSTEM32;C:\WINDOWS\WinSxS\amd64_microsoft.windows.common-controls_6595b64144ccf1df_6.0.26100.6899_none_3e0efeeae32e88c1;c:\Users\balav\.cursor\extensions\redhat.java-1.47.0-win32-x64\jre\21.0.8-win32-x86_64\bin\server

VM Arguments:
jvm_args: --add-modules=ALL-SYSTEM --add-opens=java.base/java.util=ALL-UNNAMED --add-opens=java.base/java.lang=ALL-UNNAMED --add-opens=java.base/sun.nio.fs=ALL-UNNAMED -Declipse.application=org.eclipse.jdt.ls.core.id1 -Dosgi.bundles.defaultStartLevel=4 -Declipse.product=org.eclipse.jdt.ls.core.product -Djava.import.generatesMetadataFilesAtProjectRoot=false -DDetectVMInstallationsJob.disabled=true -Dfile.encoding=utf8 -XX:+UseParallelGC -XX:GCTimeRatio=4 -XX:AdaptiveSizePolicyWeight=90 -Dsun.zip.disableMemoryMapping=true -Xmx2G -Xms100m -Xlog:disable -javaagent:c:\Users\balav\.cursor\extensions\redhat.java-1.47.0-win32-x64\lombok\lombok-1.18.39-4050.jar 
java_command: c:\Users\balav\.cursor\extensions\redhat.java-1.47.0-win32-x64\server\plugins\org.eclipse.equinox.launcher_1.7.100.v20251014-1222.jar -configuration c:\Users\balav\AppData\Roaming\Cursor\User\globalStorage\redhat.java\1.47.0\config_ss_win -data c:\Users\balav\AppData\Roaming\Cursor\User\workspaceStorage\0b9dda6e87f766ca2a54475c72645d9b\redhat.java\ss_ws --pipe=\\.\pipe\lsp-e82829e12bc830ba5a89071437dc5c69-sock
java_class_path (initial): c:\Users\balav\.cursor\extensions\redhat.java-1.47.0-win32-x64\server\plugins\org.eclipse.equinox.launcher_1.7.100.v20251014-1222.jar
Launcher Type: SUN_STANDARD

[Global flags]
    uintx AdaptiveSizePolicyWeight                 = 90                                        {product} {command line}
     intx CICompilerCount                          = 4                                         {product} {ergonomic}
    uintx GCTimeRatio                              = 4                                         {product} {command line}
   size_t InitialHeapSize                          = 104857600                                 {product} {command line}
   size_t MaxHeapSize                              = 2147483648                                {product} {command line}
   size_t MaxNewSize                               = 715653120                                 {product} {ergonomic}
   size_t MinHeapDeltaBytes                        = 524288                                    {product} {ergonomic}
   size_t MinHeapSize                              = 104857600                                 {product} {command line}
   size_t NewSize                                  = 34603008                                  {product} {ergonomic}
    uintx NonNMethodCodeHeapSize                   = 5839372                                {pd product} {ergonomic}
    uintx NonProfiledCodeHeapSize                  = 122909434                              {pd product} {ergonomic}
   size_t OldSize                                  = 70254592                                  {product} {ergonomic}
    uintx ProfiledCodeHeapSize                     = 122909434                              {pd product} {ergonomic}
    uintx ReservedCodeCacheSize                    = 251658240                              {pd product} {ergonomic}
     bool SegmentedCodeCache                       = true                                      {product} {ergonomic}
   size_t SoftMaxHeapSize                          = 2147483648                             {manageable} {ergonomic}
     bool UseCompressedOops                        = true                           {product lp64_product} {ergonomic}
     bool UseLargePagesIndividualAllocation        = false                                  {pd product} {ergonomic}
     bool UseParallelGC                            = true                                      {product} {command line}

Logging:
Log output configuration:
 #0: stdout all=off uptime,level,tags foldmultilines=false
 #1: stderr all=off uptime,level,tags foldmultilines=false

Environment Variables:
JAVA_HOME=C:\Program Files\Java\jdk-21
PATH=C:\Program Files\Common Files\Oracle\Java\javapath;C:\WINDOWS\system32;C:\WINDOWS;C:\WINDOWS\System32\Wbem;C:\WINDOWS\System32\WindowsPowerShell\v1.0\;C:\WINDOWS\System32\OpenSSH\;C:\Program Files\nodejs\;C:\Program Files\cursor\resources\app\bin;C:\Program Files\Java\jdk-21\bin;C:\Program Files\apache-maven-3.9.11\bin;C:\Program Files\MySQL\MySQL Server 8.0\bin;C:\Program Files\Git\cmd;C:\Program Files\Git\bin;C:\Program Files\MySQL\MySQL Shell 8.0\bin\;C:\Users\balav\AppData\Local\Microsoft\WindowsApps;C:\Users\balav\AppData\Local\Programs\Microsoft VS Code\bin;C:\Users\balav\AppData\Roaming\npm
USERNAME=balav
OS=Windows_NT
PROCESSOR_IDENTIFIER=AMD64 Family 23 Model 160 Stepping 0, AuthenticAMD
TMP=C:\Users\balav\AppData\Local\Temp
TEMP=C:\Users\balav\AppData\Local\Temp




Periodic native trim disabled

---------------  S Y S T E M  ---------------

OS:
 Windows 11 , 64 bit Build 26100 (10.0.26100.6725)
OS uptime: 1 days 18:16 hours
Hyper-V role detected

CPU: total 8 (initial active 8) (8 cores per cpu, 2 threads per core) family 23 model 160 stepping 0 microcode 0x8a0000a, cx8, cmov, fxsr, ht, mmx, 3dnowpref, sse, sse2, sse3, ssse3, sse4a, sse4.1, sse4.2, popcnt, lzcnt, tsc, tscinvbit, avx, avx2, aes, clmul, bmi1, bmi2, adx, sha, fma, vzeroupper, clflush, clflushopt, hv, rdtscp, rdpid, f16c
Processor Information for processor 0
  Max Mhz: 2801, Current Mhz: 2483, Mhz Limit: 2801
Processor Information for processor 1
  Max Mhz: 2801, Current Mhz: 2801, Mhz Limit: 2801
Processor Information for processor 2
  Max Mhz: 2801, Current Mhz: 2801, Mhz Limit: 2801
Processor Information for processor 3
  Max Mhz: 2801, Current Mhz: 2801, Mhz Limit: 2801
Processor Information for processor 4
  Max Mhz: 2801, Current Mhz: 2801, Mhz Limit: 2801
Processor Information for processor 5
  Max Mhz: 2801, Current Mhz: 2801, Mhz Limit: 2801
Processor Information for processor 6
  Max Mhz: 2801, Current Mhz: 2483, Mhz Limit: 2801
Processor Information for processor 7
  Max Mhz: 2801, Current Mhz: 2483, Mhz Limit: 2801

Memory: 4k page, system-wide physical 5965M (544M free)
TotalPageFile size 24397M (AvailPageFile size 3M)
current process WorkingSet (physical memory assigned to process): 25M, peak: 25M
current process commit charge ("private bytes"): 211M, peak: 212M

vm_info: OpenJDK 64-Bit Server VM (21.0.8+9-LTS) for windows-amd64 JRE (21.0.8+9-LTS), built on 2025-07-15T00:00:00Z by "admin" with MS VC++ 17.7 (VS2022)

END.
